[debug] [2018-05-02T03:24:59.880Z] ----------------------------------------------------------------------
[debug] [2018-05-02T03:24:59.884Z] Command:      /usr/local/Cellar/nvm/0.32.0/versions/node/v6.10.0/bin/node /usr/local/opt/nvm/versions/node/v6.10.0/bin/firebase serve --only functions
[debug] [2018-05-02T03:24:59.885Z] CLI Version:  3.9.1
[debug] [2018-05-02T03:24:59.885Z] Platform:     darwin
[debug] [2018-05-02T03:24:59.885Z] Node Version: v6.10.0
[debug] [2018-05-02T03:24:59.885Z] Time:         Tue May 01 2018 20:24:59 GMT-0700 (PDT)
[debug] [2018-05-02T03:24:59.885Z] ----------------------------------------------------------------------
[debug] 
[debug] [2018-05-02T03:24:59.908Z] > command requires scopes: ["email","openid","https://www.googleapis.com/auth/cloudplatformprojects.readonly","https://www.googleapis.com/auth/firebase","https://www.googleapis.com/auth/cloud-platform"]
[debug] [2018-05-02T03:24:59.908Z] > authorizing via signed-in user
[debug] [2018-05-02T03:24:59.911Z] > refreshing access token with scopes: ["email","https://www.googleapis.com/auth/cloud-platform","https://www.googleapis.com/auth/cloudplatformprojects.readonly","https://www.googleapis.com/auth/firebase","openid"]
[debug] [2018-05-02T03:24:59.912Z] >>> HTTP REQUEST POST https://www.googleapis.com/oauth2/v3/token { refresh_token: '1/ZHdZ573jEPyQxqBhD5F9JzpOdIkW13DVxoDKyjhQkBA',
  client_id: '563584335869-fgrhgmd47bqnekij5i8b5pr03ho849e6.apps.googleusercontent.com',
  client_secret: 'j9iVZfS8kkCEFUPaAeJV0sAi',
  grant_type: 'refresh_token',
  scope: 'email https://www.googleapis.com/auth/cloud-platform https://www.googleapis.com/auth/cloudplatformprojects.readonly https://www.googleapis.com/auth/firebase openid' } 
 Tue May 01 2018 20:24:59 GMT-0700 (PDT)
[debug] [2018-05-02T03:25:00.054Z] <<< HTTP RESPONSE 200
[debug] [2018-05-02T03:25:00.062Z] >>> HTTP REQUEST GET https://admin.firebase.com/v1/projects/see-ql  
 Tue May 01 2018 20:25:00 GMT-0700 (PDT)
[debug] [2018-05-02T03:25:00.645Z] <<< HTTP RESPONSE 200
[debug] [2018-05-02T03:25:00.646Z] >>> HTTP REQUEST GET https://admin.firebase.com/v1/database/see-ql/tokens  
 Tue May 01 2018 20:25:00 GMT-0700 (PDT)
[debug] [2018-05-02T03:25:01.006Z] <<< HTTP RESPONSE 200
[info] 
[info] === Serving from '/Users/Sun/Documents/Study/MIMS/Courses/INFO-247/Final Projects/development/seeql'...
[info] 
[info] i  functions: Preparing to emulate HTTPS functions. Support for other event types coming soon.
[debug] [2018-05-02T03:25:02.018Z] >>> HTTP REQUEST GET https://appengine.googleapis.com/v1/apps/see-ql  
 Tue May 01 2018 20:25:02 GMT-0700 (PDT)
[debug] [2018-05-02T03:25:02.020Z] >>> HTTP REQUEST GET https://apikeys.googleapis.com/v1/projects/see-ql/apiKeys  
 Tue May 01 2018 20:25:02 GMT-0700 (PDT)
[debug] [2018-05-02T03:25:02.430Z] <<< HTTP RESPONSE 200
[debug] [2018-05-02T03:25:02.434Z] <<< HTTP RESPONSE 200
[info] ✔  functions: helloWorld: http://localhost:5002/see-ql/us-central1/helloWorld
[info] ✔  functions: executeQuery: http://localhost:5002/see-ql/us-central1/executeQuery
[info] ✔  functions: getConditionValueSuggestions: http://localhost:5002/see-ql/us-central1/getConditionValueSuggestions
[info] ✔  functions: getColumnDistribution: http://localhost:5002/see-ql/us-central1/getColumnDistribution
[info] ✔  functions: getSchema: http://localhost:5002/see-ql/us-central1/getSchema
